# JRE version: OpenJDK Runtime Environment Corretto-16.0.2.7.1 (16.0.2+7) (build 16.0.2+7)
# Java VM: OpenJDK 64-Bit Server VM Corretto-16.0.2.7.1 (16.0.2+7, mixed mode, sharing, tiered, compressed oops, compressed class ptrs, g1 gc, bsd-amd64)
GC Precious Log:
 CPUs: 16 total, 16 available
 Memory: 32768M
 Large Page Support: Disabled
 NUMA Support: Disabled
 Compressed Oops: Enabled (Zero based)
 Heap Region Size: 1M
 Heap Min Capacity: 8M
 Heap Initial Capacity: 512M
 Heap Max Capacity: 512M
 Pre-touch: Disabled
 Parallel Workers: 13
 Concurrent Workers: 3
 Concurrent Refinement Workers: 13
 Periodic GC: Disabled
Heap:
 garbage-first heap   total 318464K, used 232706K [0x00000007e0000000, 0x0000000800000000)
  region size 1024K, 186 young (190464K), 2 survivors (2048K)
 Metaspace       used 32524K, committed 32960K, reserved 1081344K
  class space    used 3447K, committed 3712K, reserved 1048576K
GC Heap History (20 events):
Event: 1.235 GC heap before
{Heap before GC invocations=9 (full 0):
 garbage-first heap   total 524288K, used 407437K [0x00000007e0000000, 0x0000000800000000)
  region size 1024K, 307 young (314368K), 33 survivors (33792K)
 Metaspace       used 7367K, committed 7552K, reserved 1056768K
  class space    used 810K, committed 896K, reserved 1048576K
}
Event: 1.253 GC heap after
{Heap after GC invocations=10 (full 0):
 garbage-first heap   total 524288K, used 141288K [0x00000007e0000000, 0x0000000800000000)
  region size 1024K, 28 young (28672K), 28 survivors (28672K)
 Metaspace       used 7367K, committed 7552K, reserved 1056768K
  class space    used 810K, committed 896K, reserved 1048576K
}
Event: 1.306 GC heap before
{Heap before GC invocations=10 (full 0):
 garbage-first heap   total 524288K, used 418792K [0x00000007e0000000, 0x0000000800000000)
  region size 1024K, 300 young (307200K), 28 survivors (28672K)
 Metaspace       used 7379K, committed 7552K, reserved 1056768K
  class space    used 811K, committed 896K, reserved 1048576K
}
Event: 1.321 GC heap after
{Heap after GC invocations=11 (full 0):
 garbage-first heap   total 524288K, used 151662K [0x00000007e0000000, 0x0000000800000000)
  region size 1024K, 24 young (24576K), 24 survivors (24576K)
 Metaspace       used 7379K, committed 7552K, reserved 1056768K
  class space    used 811K, committed 896K, reserved 1048576K
}
Event: 1.375 GC heap before
{Heap before GC invocations=11 (full 0):
 garbage-first heap   total 524288K, used 426094K [0x00000007e0000000, 0x0000000800000000)
  region size 1024K, 291 young (297984K), 24 survivors (24576K)
 Metaspace       used 7379K, committed 7552K, reserved 1056768K
  class space    used 811K, committed 896K, reserved 1048576K
}
Event: 1.390 GC heap after
{Heap after GC invocations=12 (full 0):
 garbage-first heap   total 524288K, used 167890K [0x00000007e0000000, 0x0000000800000000)
  region size 1024K, 25 young (25600K), 25 survivors (25600K)
 Metaspace       used 7379K, committed 7552K, reserved 1056768K
  class space    used 811K, committed 896K, reserved 1048576K
}
Event: 2.495 GC heap before
{Heap before GC invocations=12 (full 0):
 garbage-first heap   total 524288K, used 303058K [0x00000007e0000000, 0x0000000800000000)
  region size 1024K, 158 young (161792K), 25 survivors (25600K)
 Metaspace       used 20963K, committed 21248K, reserved 1073152K
  class space    used 2350K, committed 2496K, reserved 1048576K
}
Event: 2.512 GC heap after
{Heap after GC invocations=13 (full 0):
 garbage-first heap   total 524288K, used 181786K [0x00000007e0000000, 0x0000000800000000)
  region size 1024K, 35 young (35840K), 35 survivors (35840K)
 Metaspace       used 20963K, committed 21248K, reserved 1073152K
  class space    used 2350K, committed 2496K, reserved 1048576K
}
Event: 7.312 GC heap before
{Heap before GC invocations=14 (full 0):
 garbage-first heap   total 524288K, used 401946K [0x00000007e0000000, 0x0000000800000000)
  region size 1024K, 257 young (263168K), 35 survivors (35840K)
 Metaspace       used 30633K, committed 31040K, reserved 1081344K
  class space    used 3347K, committed 3520K, reserved 1048576K
}
Event: 7.335 GC heap after
{Heap after GC invocations=15 (full 0):
 garbage-first heap   total 524288K, used 186225K [0x00000007e0000000, 0x0000000800000000)
  region size 1024K, 13 young (13312K), 13 survivors (13312K)
 Metaspace       used 30633K, committed 31040K, reserved 1081344K
  class space    used 3347K, committed 3520K, reserved 1048576K
}
Event: 7.357 GC heap before
{Heap before GC invocations=15 (full 0):
 garbage-first heap   total 524288K, used 198513K [0x00000007e0000000, 0x0000000800000000)
  region size 1024K, 25 young (25600K), 13 survivors (13312K)
 Metaspace       used 30634K, committed 31040K, reserved 1081344K
  class space    used 3347K, committed 3520K, reserved 1048576K
}
Event: 7.366 GC heap after
{Heap after GC invocations=16 (full 0):
 garbage-first heap   total 524288K, used 149481K [0x00000007e0000000, 0x0000000800000000)
  region size 1024K, 3 young (3072K), 3 survivors (3072K)
 Metaspace       used 30634K, committed 31040K, reserved 1081344K
  class space    used 3347K, committed 3520K, reserved 1048576K
}
Event: 13.275 GC heap before
{Heap before GC invocations=16 (full 0):
 garbage-first heap   total 524288K, used 414697K [0x00000007e0000000, 0x0000000800000000)
  region size 1024K, 260 young (266240K), 3 survivors (3072K)
 Metaspace       used 31396K, committed 31680K, reserved 1081344K
  class space    used 3381K, committed 3520K, reserved 1048576K
}
Event: 13.281 GC heap after
{Heap after GC invocations=17 (full 0):
 garbage-first heap   total 524288K, used 159087K [0x00000007e0000000, 0x0000000800000000)
  region size 1024K, 12 young (12288K), 12 survivors (12288K)
 Metaspace       used 31396K, committed 31680K, reserved 1081344K
  class space    used 3381K, committed 3520K, reserved 1048576K
}
Event: 24.578 GC heap before
{Heap before GC invocations=18 (full 0):
 garbage-first heap   total 304128K, used 301423K [0x00000007e0000000, 0x0000000800000000)
  region size 1024K, 212 young (217088K), 12 survivors (12288K)
 Metaspace       used 31904K, committed 32320K, reserved 1081344K
  class space    used 3405K, committed 3648K, reserved 1048576K
}
Event: 24.582 GC heap after
{Heap after GC invocations=19 (full 0):
 garbage-first heap   total 318464K, used 93517K [0x00000007e0000000, 0x0000000800000000)
  region size 1024K, 14 young (14336K), 14 survivors (14336K)
 Metaspace       used 31904K, committed 32320K, reserved 1081344K
  class space    used 3405K, committed 3648K, reserved 1048576K
}
Event: 24.584 GC heap before
{Heap before GC invocations=19 (full 0):
 garbage-first heap   total 318464K, used 95565K [0x00000007e0000000, 0x0000000800000000)
  region size 1024K, 16 young (16384K), 14 survivors (14336K)
 Metaspace       used 31904K, committed 32320K, reserved 1081344K
  class space    used 3405K, committed 3648K, reserved 1048576K
}
Event: 24.587 GC heap after
{Heap after GC invocations=20 (full 0):
 garbage-first heap   total 318464K, used 62512K [0x00000007e0000000, 0x0000000800000000)
  region size 1024K, 2 young (2048K), 2 survivors (2048K)
 Metaspace       used 31904K, committed 32320K, reserved 1081344K
  class space    used 3405K, committed 3648K, reserved 1048576K
}
Event: 24.599 GC heap before
{Heap before GC invocations=20 (full 0):
 garbage-first heap   total 318464K, used 75824K [0x00000007e0000000, 0x0000000800000000)
  region size 1024K, 15 young (15360K), 2 survivors (2048K)
 Metaspace       used 31904K, committed 32320K, reserved 1081344K
  class space    used 3405K, committed 3648K, reserved 1048576K
}
Event: 24.602 GC heap after
{Heap after GC invocations=21 (full 0):
 garbage-first heap   total 318464K, used 39170K [0x00000007e0000000, 0x0000000800000000)
  region size 1024K, 2 young (2048K), 2 survivors (2048K)
 Metaspace       used 31904K, committed 32320K, reserved 1081344K
  class space    used 3405K, committed 3648K, reserved 1048576K
}

